2022-06-01 20:29:34.181  INFO 17212 --- [main] m.e.ElasticSearchTest                    : Starting ElasticSearchTest using Java 16.0.2 on mao with PID 17212 (started by mao in H:\程序\大三下期\elasticsearch实现自动补全)
2022-06-01 20:29:34.183 DEBUG 17212 --- [main] m.e.ElasticSearchTest                    : Running with Spring Boot v2.7.0, Spring v5.3.20
2022-06-01 20:29:34.183  INFO 17212 --- [main] m.e.ElasticSearchTest                    : The following 1 profile is active: "dev"
2022-06-01 20:29:35.680  INFO 17212 --- [main] m.e.ElasticSearchTest                    : Started ElasticSearchTest in 1.84 seconds (JVM running for 3.576)
2022-06-01 20:32:16.917  INFO 16804 --- [main] m.e.ElasticSearchTest                    : Starting ElasticSearchTest using Java 16.0.2 on mao with PID 16804 (started by mao in H:\程序\大三下期\elasticsearch实现自动补全)
2022-06-01 20:32:16.918 DEBUG 16804 --- [main] m.e.ElasticSearchTest                    : Running with Spring Boot v2.7.0, Spring v5.3.20
2022-06-01 20:32:16.919  INFO 16804 --- [main] m.e.ElasticSearchTest                    : The following 1 profile is active: "dev"
2022-06-01 20:32:18.396  INFO 16804 --- [main] m.e.ElasticSearchTest                    : Started ElasticSearchTest in 1.804 seconds (JVM running for 3.263)
2022-06-01 20:38:37.325  INFO 10568 --- [main] m.e.ElasticSearchTest                    : Starting ElasticSearchTest using Java 16.0.2 on mao with PID 10568 (started by mao in H:\程序\大三下期\elasticsearch实现自动补全)
2022-06-01 20:38:37.326 DEBUG 10568 --- [main] m.e.ElasticSearchTest                    : Running with Spring Boot v2.7.0, Spring v5.3.20
2022-06-01 20:38:37.327  INFO 10568 --- [main] m.e.ElasticSearchTest                    : The following 1 profile is active: "dev"
2022-06-01 20:38:38.741  INFO 10568 --- [main] m.e.ElasticSearchTest                    : Started ElasticSearchTest in 1.768 seconds (JVM running for 3.377)
2022-06-01 20:39:35.446  INFO 4356 --- [main] m.e.ElasticSearchTest                    : Starting ElasticSearchTest using Java 16.0.2 on mao with PID 4356 (started by mao in H:\程序\大三下期\elasticsearch实现自动补全)
2022-06-01 20:39:35.447 DEBUG 4356 --- [main] m.e.ElasticSearchTest                    : Running with Spring Boot v2.7.0, Spring v5.3.20
2022-06-01 20:39:35.447  INFO 4356 --- [main] m.e.ElasticSearchTest                    : The following 1 profile is active: "dev"
2022-06-01 20:39:36.886  INFO 4356 --- [main] m.e.ElasticSearchTest                    : Started ElasticSearchTest in 1.765 seconds (JVM running for 3.21)
2022-06-01 20:51:03.839  INFO 19112 --- [main] m.e.ElasticSearchTest                    : Starting ElasticSearchTest using Java 16.0.2 on mao with PID 19112 (started by mao in H:\程序\大三下期\elasticsearch实现自动补全)
2022-06-01 20:51:03.840 DEBUG 19112 --- [main] m.e.ElasticSearchTest                    : Running with Spring Boot v2.7.0, Spring v5.3.20
2022-06-01 20:51:03.841  INFO 19112 --- [main] m.e.ElasticSearchTest                    : The following 1 profile is active: "dev"
2022-06-01 20:51:05.248  INFO 19112 --- [main] m.e.ElasticSearchTest                    : Started ElasticSearchTest in 1.742 seconds (JVM running for 3.195)
2022-06-01 20:58:32.763  INFO 11372 --- [main] m.e.ElasticSearchTest                    : Starting ElasticSearchTest using Java 16.0.2 on mao with PID 11372 (started by mao in H:\程序\大三下期\elasticsearch实现自动补全)
2022-06-01 20:58:32.765 DEBUG 11372 --- [main] m.e.ElasticSearchTest                    : Running with Spring Boot v2.7.0, Spring v5.3.20
2022-06-01 20:58:32.765  INFO 11372 --- [main] m.e.ElasticSearchTest                    : The following 1 profile is active: "dev"
2022-06-01 20:58:34.197  INFO 11372 --- [main] m.e.ElasticSearchTest                    : Started ElasticSearchTest in 1.759 seconds (JVM running for 3.214)
2022-06-01 20:59:25.665  INFO 6032 --- [main] m.e.ElasticSearchTest                    : Starting ElasticSearchTest using Java 16.0.2 on mao with PID 6032 (started by mao in H:\程序\大三下期\elasticsearch实现自动补全)
2022-06-01 20:59:25.666 DEBUG 6032 --- [main] m.e.ElasticSearchTest                    : Running with Spring Boot v2.7.0, Spring v5.3.20
2022-06-01 20:59:25.667  INFO 6032 --- [main] m.e.ElasticSearchTest                    : The following 1 profile is active: "dev"
2022-06-01 20:59:27.137  INFO 6032 --- [main] m.e.ElasticSearchTest                    : Started ElasticSearchTest in 1.801 seconds (JVM running for 3.248)
2022-06-01 21:01:01.685  INFO 16832 --- [main] m.e.ElasticSearchTest                    : Starting ElasticSearchTest using Java 16.0.2 on mao with PID 16832 (started by mao in H:\程序\大三下期\elasticsearch实现自动补全)
2022-06-01 21:01:01.686 DEBUG 16832 --- [main] m.e.ElasticSearchTest                    : Running with Spring Boot v2.7.0, Spring v5.3.20
2022-06-01 21:01:01.687  INFO 16832 --- [main] m.e.ElasticSearchTest                    : The following 1 profile is active: "dev"
2022-06-01 21:01:03.158  INFO 16832 --- [main] m.e.ElasticSearchTest                    : Started ElasticSearchTest in 1.8 seconds (JVM running for 3.293)
2022-06-01 21:08:49.472  INFO 1188 --- [main] m.e.ElasticSearchTest                    : Starting ElasticSearchTest using Java 16.0.2 on mao with PID 1188 (started by mao in H:\程序\大三下期\elasticsearch实现自动补全)
2022-06-01 21:08:49.473 DEBUG 1188 --- [main] m.e.ElasticSearchTest                    : Running with Spring Boot v2.7.0, Spring v5.3.20
2022-06-01 21:08:49.473  INFO 1188 --- [main] m.e.ElasticSearchTest                    : The following 1 profile is active: "dev"
2022-06-01 21:08:50.949  INFO 1188 --- [main] m.e.ElasticSearchTest                    : Started ElasticSearchTest in 1.821 seconds (JVM running for 3.638)
2022-06-01 21:09:32.372  INFO 19848 --- [main] ementAutomaticCompletionApplicationTests : Starting ElasticsearchImplementAutomaticCompletionApplicationTests using Java 16.0.2 on mao with PID 19848 (started by mao in H:\程序\大三下期\elasticsearch实现自动补全)
2022-06-01 21:09:32.373 DEBUG 19848 --- [main] ementAutomaticCompletionApplicationTests : Running with Spring Boot v2.7.0, Spring v5.3.20
2022-06-01 21:09:32.374  INFO 19848 --- [main] ementAutomaticCompletionApplicationTests : The following 1 profile is active: "dev"
2022-06-01 21:09:34.342  INFO 19848 --- [main] ementAutomaticCompletionApplicationTests : Started ElasticsearchImplementAutomaticCompletionApplicationTests in 2.326 seconds (JVM running for 3.175)
2022-06-01 21:09:34.774  INFO 19848 --- [main] .b.t.c.SpringBootTestContextBootstrapper : Neither @ContextConfiguration nor @ContextHierarchy found for test class [mao.elasticsearch_implement_automatic_completion.ElasticSearchTest], using SpringBootContextLoader
2022-06-01 21:09:34.775  INFO 19848 --- [main] o.s.t.c.support.AbstractContextLoader    : Could not detect default resource locations for test class [mao.elasticsearch_implement_automatic_completion.ElasticSearchTest]: no resource found for suffixes {-context.xml, Context.groovy}.
2022-06-01 21:09:34.775  INFO 19848 --- [main] t.c.s.AnnotationConfigContextLoaderUtils : Could not detect default configuration classes for test class [mao.elasticsearch_implement_automatic_completion.ElasticSearchTest]: ElasticSearchTest does not declare any static, non-private, non-final, nested classes annotated with @Configuration.
2022-06-01 21:09:34.777  INFO 19848 --- [main] .b.t.c.SpringBootTestContextBootstrapper : Found @SpringBootConfiguration mao.elasticsearch_implement_automatic_completion.ElasticsearchImplementAutomaticCompletionApplication for test class mao.elasticsearch_implement_automatic_completion.ElasticSearchTest
2022-06-01 21:09:34.780  INFO 19848 --- [main] .b.t.c.SpringBootTestContextBootstrapper : Loaded default TestExecutionListener class names from location [META-INF/spring.factories]: [org.springframework.boot.test.mock.mockito.MockitoTestExecutionListener, org.springframework.boot.test.mock.mockito.ResetMocksTestExecutionListener, org.springframework.boot.test.autoconfigure.restdocs.RestDocsTestExecutionListener, org.springframework.boot.test.autoconfigure.web.client.MockRestServiceServerResetTestExecutionListener, org.springframework.boot.test.autoconfigure.web.servlet.MockMvcPrintOnlyOnFailureTestExecutionListener, org.springframework.boot.test.autoconfigure.web.servlet.WebDriverTestExecutionListener, org.springframework.boot.test.autoconfigure.webservices.client.MockWebServiceServerTestExecutionListener, org.springframework.test.context.web.ServletTestExecutionListener, org.springframework.test.context.support.DirtiesContextBeforeModesTestExecutionListener, org.springframework.test.context.event.ApplicationEventsTestExecutionListener, org.springframework.test.context.support.DependencyInjectionTestExecutionListener, org.springframework.test.context.support.DirtiesContextTestExecutionListener, org.springframework.test.context.transaction.TransactionalTestExecutionListener, org.springframework.test.context.jdbc.SqlScriptsTestExecutionListener, org.springframework.test.context.event.EventPublishingTestExecutionListener]
2022-06-01 21:09:34.781  INFO 19848 --- [main] .b.t.c.SpringBootTestContextBootstrapper : Using TestExecutionListeners: [org.springframework.test.context.web.ServletTestExecutionListener@55fb36de, org.springframework.test.context.support.DirtiesContextBeforeModesTestExecutionListener@63a7781, org.springframework.test.context.event.ApplicationEventsTestExecutionListener@73b74615, org.springframework.boot.test.mock.mockito.MockitoTestExecutionListener@22686ddb, org.springframework.boot.test.autoconfigure.SpringBootDependencyInjectionTestExecutionListener@2e29f28e, org.springframework.test.context.support.DirtiesContextTestExecutionListener@7bfa1eb5, org.springframework.test.context.event.EventPublishingTestExecutionListener@32b46831, org.springframework.boot.test.mock.mockito.ResetMocksTestExecutionListener@5353dd09, org.springframework.boot.test.autoconfigure.restdocs.RestDocsTestExecutionListener@320ff86f, org.springframework.boot.test.autoconfigure.web.client.MockRestServiceServerResetTestExecutionListener@192b472d, org.springframework.boot.test.autoconfigure.web.servlet.MockMvcPrintOnlyOnFailureTestExecutionListener@84f51d9, org.springframework.boot.test.autoconfigure.web.servlet.WebDriverTestExecutionListener@45b96e4c, org.springframework.boot.test.autoconfigure.webservices.client.MockWebServiceServerTestExecutionListener@8383a14]
